<?xml version="1.0" encoding="UTF-8"?>
<!-- Generated by org.testng.reporters.JUnitReportReporter -->
<testsuite skipped="0" hostname="Stephanies-MacBook-Air.local" name="com.maven1.MavenTest1" tests="1" failures="0" timestamp="22 Dec 2018 03:44:25 GMT" time="0.001" errors="0">
  <testcase name="hello" time="0.001" classname="com.maven1.MavenTest1"/>
</testsuite> <!-- com.maven1.MavenTest1 -->
